Arguments: 
  /home/rbsann/n/bin/node /home/rbsann/n/bin/yarn

PATH: 
  /home/rbsann/.n/bin:/home/rbsann/.npm-global/bin:/home/rbsann/.local/bin:/usr/local/sbin:/usr/local/bin:/usr/sbin:/usr/bin:/sbin:/bin:/usr/games:/usr/local/games:/snap/bin:/home/rbsann/n/bin

Yarn version: 
  1.22.0

Node version: 
  14.16.0

Platform: 
  linux x64

Trace: 
  SyntaxError: /home/rbsann/Wiser/webpack-poc/app/package.json: Unexpected token } in JSON at position 588
      at JSON.parse (<anonymous>)
      at /home/rbsann/n/lib/node_modules/yarn/lib/cli.js:1625:59
      at Generator.next (<anonymous>)
      at step (/home/rbsann/n/lib/node_modules/yarn/lib/cli.js:310:30)
      at /home/rbsann/n/lib/node_modules/yarn/lib/cli.js:321:13

npm manifest: 
  {
    "name": "app",
    "version": "1.0.0",
    "main": "index.js",
    "license": "MIT",
    "scripts": {
      "build": "webpack",
      "dev": "webpack serve --hot"
    },
    "devDependencies": {
      "@babel/core": "^7.13.14",
      "@babel/preset-react": "^7.13.13",
      "babel-loader": "^8.2.2",
      "css-loader": "^5.2.0",
      "html-webpack-plugin": "^5.3.1",
      "react": "^17.0.2",
      "react-dom": "^17.0.2",
      "react-router": "^5.2.0",
      "react-router-dom": "^5.2.0",
      "style-loader": "^2.0.0",
      "webpack": "^5.30.0",
      "webpack-cli": "^4.6.0",
      "webpack-dev-server": "^3.11.2",
    }
  }

yarn manifest: 
  No manifest

Lockfile: 
  No lockfile
